<?xml version="1.0" encoding="utf-8"?><testsuites name="pytest tests"><testsuite name="pytest" errors="0" failures="5" skipped="5" tests="22" time="0.842" timestamp="2025-12-13T11:28:42.049359-03:00" hostname="Fabios-Mac-mini.local"><testcase classname="" name="tests.integration.test_business_metrics_integration" time="0.000"><skipped message="collection skipped">('/Volumes/OWC Express 1M2/Develop/motiflow/ai_docs/prime-flow/apps/prime-flow-core/tests/integration/test_business_metrics_integration.py', 36, 'Skipped: Protocol Buffers not available')</skipped></testcase><testcase classname="" name="tests.integration.test_slo_sli_integration" time="0.000"><skipped message="collection skipped">('/Volumes/OWC Express 1M2/Develop/motiflow/ai_docs/prime-flow/apps/prime-flow-core/tests/integration/test_slo_sli_integration.py', 37, 'Skipped: Protocol Buffers not available')</skipped></testcase><testcase classname="" name="tests.integration.test_tls_integration" time="0.000"><skipped message="collection skipped">('/Volumes/OWC Express 1M2/Develop/motiflow/ai_docs/prime-flow/apps/prime-flow-core/tests/integration/test_tls_integration.py', 39, 'Skipped: Protocol Buffers not available')</skipped></testcase><testcase classname="tests.integration.test_alerting_integration.TestAlertingIntegration" name="test_alert_triggers_on_slo_latency_violation" time="0.088" /><testcase classname="tests.integration.test_alerting_integration.TestAlertingIntegration" name="test_alert_triggers_on_slo_availability_violation" time="0.009" /><testcase classname="tests.integration.test_alerting_integration.TestAlertingIntegration" name="test_alert_resolves_when_slo_compliant" time="0.009" /><testcase classname="tests.integration.test_alerting_integration.TestAlertingIntegration" name="test_alert_configuration_and_thresholds" time="0.008" /><testcase classname="tests.integration.test_eventbus_integration.TestEventBusIntegration" name="test_create_epic_publishes_event" time="0.008" /><testcase classname="tests.integration.test_eventbus_integration.TestEventBusIntegration" name="test_create_story_publishes_event" time="0.008" /><testcase classname="tests.integration.test_eventbus_integration.TestEventBusIntegration" name="test_create_task_publishes_event" time="0.009" /><testcase classname="tests.integration.test_eventbus_integration.TestEventBusIntegration" name="test_rollback_does_not_publish_events" time="0.008" /><testcase classname="tests.integration.test_eventbus_subscribe_integration.TestEventBusSubscribeIntegration" name="test_subscribe_to_topic_receives_events" time="0.000"><failure message="Failed: async def functions are not natively supported.&#10;You need to install a suitable plugin for your async framework, for example:&#10;  - anyio&#10;  - pytest-asyncio&#10;  - pytest-tornasync&#10;  - pytest-trio&#10;  - pytest-twisted">async def functions are not natively supported.
You need to install a suitable plugin for your async framework, for example:
  - anyio
  - pytest-asyncio
  - pytest-tornasync
  - pytest-trio
  - pytest-twisted</failure></testcase><testcase classname="tests.integration.test_eventbus_subscribe_integration.TestEventBusSubscribeIntegration" name="test_subscribe_with_filter_receives_filtered_events" time="0.000"><failure message="Failed: async def functions are not natively supported.&#10;You need to install a suitable plugin for your async framework, for example:&#10;  - anyio&#10;  - pytest-asyncio&#10;  - pytest-tornasync&#10;  - pytest-trio&#10;  - pytest-twisted">async def functions are not natively supported.
You need to install a suitable plugin for your async framework, for example:
  - anyio
  - pytest-asyncio
  - pytest-tornasync
  - pytest-trio
  - pytest-twisted</failure></testcase><testcase classname="tests.integration.test_eventbus_subscribe_integration.TestEventBusSubscribeIntegration" name="test_subscribe_error_handling" time="0.000"><failure message="Failed: async def functions are not natively supported.&#10;You need to install a suitable plugin for your async framework, for example:&#10;  - anyio&#10;  - pytest-asyncio&#10;  - pytest-tornasync&#10;  - pytest-trio&#10;  - pytest-twisted">async def functions are not natively supported.
You need to install a suitable plugin for your async framework, for example:
  - anyio
  - pytest-asyncio
  - pytest-tornasync
  - pytest-trio
  - pytest-twisted</failure></testcase><testcase classname="tests.integration.test_eventbus_subscribe_integration.TestEventBusSubscribeIntegration" name="test_subscribe_unsubscribe_cleanup" time="0.000"><failure message="Failed: async def functions are not natively supported.&#10;You need to install a suitable plugin for your async framework, for example:&#10;  - anyio&#10;  - pytest-asyncio&#10;  - pytest-tornasync&#10;  - pytest-trio&#10;  - pytest-twisted">async def functions are not natively supported.
You need to install a suitable plugin for your async framework, for example:
  - anyio
  - pytest-asyncio
  - pytest-tornasync
  - pytest-trio
  - pytest-twisted</failure></testcase><testcase classname="tests.integration.test_eventbus_subscribe_integration.TestEventHandlersIntegration" name="test_event_handler_processes_epic_created_event" time="0.000"><failure message="Failed: async def functions are not natively supported.&#10;You need to install a suitable plugin for your async framework, for example:&#10;  - anyio&#10;  - pytest-asyncio&#10;  - pytest-tornasync&#10;  - pytest-trio&#10;  - pytest-twisted">async def functions are not natively supported.
You need to install a suitable plugin for your async framework, for example:
  - anyio
  - pytest-asyncio
  - pytest-tornasync
  - pytest-trio
  - pytest-twisted</failure></testcase><testcase classname="tests.integration.test_grafana_dashboards_integration.TestGrafanaDashboardsIntegration" name="test_dashboard_manager_creates_business_metrics_dashboard" time="0.008" /><testcase classname="tests.integration.test_grafana_dashboards_integration.TestGrafanaDashboardsIntegration" name="test_dashboard_manager_creates_slo_sli_dashboard" time="0.008" /><testcase classname="tests.integration.test_grafana_dashboards_integration.TestGrafanaDashboardsIntegration" name="test_dashboard_manager_creates_alerting_dashboard" time="0.008" /><testcase classname="tests.integration.test_grafana_dashboards_integration.TestGrafanaDashboardsIntegration" name="test_dashboard_manager_updates_dashboards" time="0.008" /><testcase classname="tests.integration.test_optional_services_registration.TestKnowledgeGraphServiceRegistration" name="test_knowledge_graph_service_registered" time="0.000"><skipped type="pytest.skip" message="KnowledgeGraphService protobuf modules not available">/Volumes/OWC Express 1M2/Develop/motiflow/ai_docs/prime-flow/apps/prime-flow-core/tests/integration/test_optional_services_registration.py:36: KnowledgeGraphService protobuf modules not available</skipped></testcase><testcase classname="tests.integration.test_optional_services_registration.TestRepositoryMapperServiceRegistration" name="test_repository_mapper_service_registered" time="0.000"><skipped type="pytest.skip" message="RepositoryMapperService protobuf modules not available">/Volumes/OWC Express 1M2/Develop/motiflow/ai_docs/prime-flow/apps/prime-flow-core/tests/integration/test_optional_services_registration.py:72: RepositoryMapperService protobuf modules not available</skipped></testcase></testsuite></testsuites>